<?xml version='1.0' encoding='utf-8'?>
<!DOCTYPE coverage SYSTEM 'http://cobertura.sourceforge.net/xml/coverage-04.dtd'>
<coverage line-rate="0.39627434377646065" branch-rate="0.178743961352657" lines-covered="468" lines-valid="1181" branches-covered="111" branches-valid="621" complexity="0.0" timestamp="1783440999" version="gcovr 8.6">
  <sources>
    <source>D:/STM32CubeIDE/workspace_2.1.1/stm32-state-machine</source>
  </sources>
  <packages>
    <package name="App.Src" line-rate="0.9636363636363636" branch-rate="0.8666666666666667" complexity="0.0">
      <classes>
        <class name="app_c" filename="App/Src/app.c" line-rate="0.8333333333333334" branch-rate="1.0" complexity="0.0">
          <methods>
            <method name="app_init" signature="" line-rate="1.0" branch-rate="1.0" complexity="0.0">
              <lines>
                <line number="14" hits="10" branch="false"/>
                <line number="16" hits="10" branch="false"/>
                <line number="17" hits="10" branch="false"/>
                <line number="18" hits="10" branch="false"/>
                <line number="19" hits="10" branch="false"/>
                <line number="20" hits="10" branch="false"/>
              </lines>
            </method>
            <method name="app_tick" signature="" line-rate="1.0" branch-rate="1.0" complexity="0.0">
              <lines>
                <line number="22" hits="88" branch="false"/>
                <line number="24" hits="88" branch="false"/>
                <line number="25" hits="88" branch="false"/>
                <line number="26" hits="88" branch="false"/>
              </lines>
            </method>
            <method name="app_run" signature="" line-rate="0.0" branch-rate="1.0" complexity="0.0">
              <lines>
                <line number="28" hits="0" branch="false"/>
                <line number="32" hits="0" branch="false"/>
              </lines>
            </method>
          </methods>
          <lines>
            <line number="14" hits="10" branch="false"/>
            <line number="16" hits="10" branch="false"/>
            <line number="17" hits="10" branch="false"/>
            <line number="18" hits="10" branch="false"/>
            <line number="19" hits="10" branch="false"/>
            <line number="20" hits="10" branch="false"/>
            <line number="22" hits="88" branch="false"/>
            <line number="24" hits="88" branch="false"/>
            <line number="25" hits="88" branch="false"/>
            <line number="26" hits="88" branch="false"/>
            <line number="28" hits="0" branch="false"/>
            <line number="32" hits="0" branch="false"/>
          </lines>
        </class>
        <class name="button_c" filename="App/Src/button.c" line-rate="1.0" branch-rate="0.75" complexity="0.0">
          <methods>
            <method name="button_set_callback" signature="" line-rate="1.0" branch-rate="1.0" complexity="0.0">
              <lines>
                <line number="14" hits="26" branch="false"/>
                <line number="16" hits="26" branch="false"/>
                <line number="17" hits="26" branch="false"/>
              </lines>
            </method>
            <method name="button_init" signature="" line-rate="1.0" branch-rate="1.0" complexity="0.0">
              <lines>
                <line number="19" hits="25" branch="false"/>
                <line number="21" hits="25" branch="false"/>
                <line number="22" hits="25" branch="false"/>
                <line number="23" hits="25" branch="false"/>
                <line number="24" hits="25" branch="false"/>
              </lines>
            </method>
            <method name="button_isr_handler" signature="" line-rate="1.0" branch-rate="1.0" complexity="0.0">
              <lines>
                <line number="26" hits="112" branch="false"/>
                <line number="28" hits="112" branch="false"/>
                <line number="29" hits="112" branch="false"/>
              </lines>
            </method>
            <method name="button_tick" signature="" line-rate="1.0" branch-rate="0.75" complexity="0.0">
              <lines>
                <line number="31" hits="129" branch="false"/>
                <line number="33" hits="129" branch="true" condition-coverage="100% (2/2)">
                  <conditions>
                    <condition number="0" type="jump" coverage="100%"/>
                  </conditions>
                </line>
                <line number="35" hits="80" branch="true" condition-coverage="50% (1/2)">
                  <conditions>
                    <condition number="0" type="jump" coverage="50%"/>
                  </conditions>
                </line>
                <line number="36" hits="80" branch="false"/>
                <line number="38" hits="80" branch="true" condition-coverage="100% (2/2)">
                  <conditions>
                    <condition number="0" type="jump" coverage="100%"/>
                  </conditions>
                </line>
                <line number="40" hits="23" branch="false"/>
                <line number="41" hits="23" branch="false"/>
                <line number="42" hits="23" branch="false"/>
                <line number="44" hits="23" branch="true" condition-coverage="50% (1/2)">
                  <conditions>
                    <condition number="0" type="jump" coverage="50%"/>
                  </conditions>
                </line>
                <line number="45" hits="23" branch="true" condition-coverage="75% (3/4)">
                  <conditions>
                    <condition number="0" type="jump" coverage="75%"/>
                  </conditions>
                </line>
                <line number="46" hits="17" branch="false"/>
                <line number="48" hits="23" branch="true" condition-coverage="75% (3/4)">
                  <conditions>
                    <condition number="0" type="jump" coverage="75%"/>
                  </conditions>
                </line>
                <line number="49" hits="6" branch="false"/>
                <line number="54" hits="49" branch="false"/>
                <line number="56" hits="129" branch="false"/>
              </lines>
            </method>
            <method name="button_is_pressed" signature="" line-rate="1.0" branch-rate="1.0" complexity="0.0">
              <lines>
                <line number="58" hits="10" branch="false"/>
                <line number="60" hits="10" branch="false"/>
              </lines>
            </method>
          </methods>
          <lines>
            <line number="14" hits="26" branch="false"/>
            <line number="16" hits="26" branch="false"/>
            <line number="17" hits="26" branch="false"/>
            <line number="19" hits="25" branch="false"/>
            <line number="21" hits="25" branch="false"/>
            <line number="22" hits="25" branch="false"/>
            <line number="23" hits="25" branch="false"/>
            <line number="24" hits="25" branch="false"/>
            <line number="26" hits="112" branch="false"/>
            <line number="28" hits="112" branch="false"/>
            <line number="29" hits="112" branch="false"/>
            <line number="31" hits="129" branch="false"/>
            <line number="33" hits="129" branch="true" condition-coverage="100% (2/2)">
              <conditions>
                <condition number="0" type="jump" coverage="100%"/>
              </conditions>
            </line>
            <line number="35" hits="80" branch="true" condition-coverage="50% (1/2)">
              <conditions>
                <condition number="0" type="jump" coverage="50%"/>
              </conditions>
            </line>
            <line number="36" hits="80" branch="false"/>
            <line number="38" hits="80" branch="true" condition-coverage="100% (2/2)">
              <conditions>
                <condition number="0" type="jump" coverage="100%"/>
              </conditions>
            </line>
            <line number="40" hits="23" branch="false"/>
            <line number="41" hits="23" branch="false"/>
            <line number="42" hits="23" branch="false"/>
            <line number="44" hits="23" branch="true" condition-coverage="50% (1/2)">
              <conditions>
                <condition number="0" type="jump" coverage="50%"/>
              </conditions>
            </line>
            <line number="45" hits="23" branch="true" condition-coverage="75% (3/4)">
              <conditions>
                <condition number="0" type="jump" coverage="75%"/>
              </conditions>
            </line>
            <line number="46" hits="17" branch="false"/>
            <line number="48" hits="23" branch="true" condition-coverage="75% (3/4)">
              <conditions>
                <condition number="0" type="jump" coverage="75%"/>
              </conditions>
            </line>
            <line number="49" hits="6" branch="false"/>
            <line number="54" hits="49" branch="false"/>
            <line number="56" hits="129" branch="false"/>
            <line number="58" hits="10" branch="false"/>
            <line number="60" hits="10" branch="false"/>
          </lines>
        </class>
        <class name="guards_c" filename="App/Src/guards.c" line-rate="0.0" branch-rate="1.0" complexity="0.0">
          <methods>
            <method name="tguard" signature="" line-rate="0.0" branch-rate="1.0" complexity="0.0">
              <lines>
                <line number="8" hits="0" branch="false"/>
                <line number="10" hits="0" branch="false"/>
              </lines>
            </method>
          </methods>
          <lines>
            <line number="8" hits="0" branch="false"/>
            <line number="10" hits="0" branch="false"/>
          </lines>
        </class>
        <class name="led_c" filename="App/Src/led.c" line-rate="1.0" branch-rate="1.0" complexity="0.0">
          <methods>
            <method name="led_init" signature="" line-rate="1.0" branch-rate="1.0" complexity="0.0">
              <lines>
                <line number="17" hits="4" branch="false"/>
                <line number="19" hits="4" branch="false"/>
                <line number="20" hits="4" branch="false"/>
                <line number="21" hits="4" branch="false"/>
              </lines>
            </method>
            <method name="led_tick" signature="" line-rate="1.0" branch-rate="1.0" complexity="0.0">
              <lines>
                <line number="23" hits="7" branch="false"/>
                <line number="25" hits="7" branch="false"/>
                <line number="26" hits="7" branch="true" condition-coverage="100% (2/2)">
                  <conditions>
                    <condition number="0" type="jump" coverage="100%"/>
                  </conditions>
                </line>
                <line number="28" hits="3" branch="false"/>
                <line number="29" hits="3" branch="false"/>
                <line number="31" hits="7" branch="false"/>
              </lines>
            </method>
            <method name="led_toggle" signature="" line-rate="1.0" branch-rate="1.0" complexity="0.0">
              <lines>
                <line number="33" hits="3" branch="false"/>
                <line number="35" hits="3" branch="false"/>
                <line number="36" hits="3" branch="false"/>
              </lines>
            </method>
            <method name="led_get_toggle_count" signature="" line-rate="1.0" branch-rate="1.0" complexity="0.0">
              <lines>
                <line number="38" hits="10" branch="false"/>
                <line number="40" hits="10" branch="false"/>
              </lines>
            </method>
          </methods>
          <lines>
            <line number="17" hits="4" branch="false"/>
            <line number="19" hits="4" branch="false"/>
            <line number="20" hits="4" branch="false"/>
            <line number="21" hits="4" branch="false"/>
            <line number="23" hits="7" branch="false"/>
            <line number="25" hits="7" branch="false"/>
            <line number="26" hits="7" branch="true" condition-coverage="100% (2/2)">
              <conditions>
                <condition number="0" type="jump" coverage="100%"/>
              </conditions>
            </line>
            <line number="28" hits="3" branch="false"/>
            <line number="29" hits="3" branch="false"/>
            <line number="31" hits="7" branch="false"/>
            <line number="33" hits="3" branch="false"/>
            <line number="35" hits="3" branch="false"/>
            <line number="36" hits="3" branch="false"/>
            <line number="38" hits="10" branch="false"/>
            <line number="40" hits="10" branch="false"/>
          </lines>
        </class>
        <class name="state_machine_c" filename="App/Src/state_machine.c" line-rate="1.0" branch-rate="1.0" complexity="0.0">
          <methods>
            <method name="entry_common" signature="" line-rate="1.0" branch-rate="1.0" complexity="0.0">
              <lines>
                <line number="32" hits="107" branch="false"/>
                <line number="34" hits="107" branch="false"/>
                <line number="35" hits="107" branch="false"/>
                <line number="36" hits="107" branch="false"/>
              </lines>
            </method>
            <method name="entry_led" signature="" line-rate="1.0" branch-rate="1.0" complexity="0.0">
              <lines>
                <line number="38" hits="76" branch="false"/>
                <line number="40" hits="76" branch="false"/>
                <line number="41" hits="76" branch="false"/>
                <line number="42" hits="76" branch="false"/>
              </lines>
            </method>
            <method name="entry_off" signature="" line-rate="1.0" branch-rate="1.0" complexity="0.0">
              <lines>
                <line number="45" hits="47" branch="false"/>
              </lines>
            </method>
            <method name="entry_on" signature="" line-rate="1.0" branch-rate="1.0" complexity="0.0">
              <lines>
                <line number="46" hits="29" branch="false"/>
              </lines>
            </method>
            <method name="entry_blink_slow" signature="" line-rate="1.0" branch-rate="1.0" complexity="0.0">
              <lines>
                <line number="47" hits="20" branch="false"/>
              </lines>
            </method>
            <method name="entry_blink_fast" signature="" line-rate="1.0" branch-rate="1.0" complexity="0.0">
              <lines>
                <line number="48" hits="11" branch="false"/>
              </lines>
            </method>
            <method name="exit_noop" signature="" line-rate="1.0" branch-rate="1.0" complexity="0.0">
              <lines>
                <line number="51" hits="62" branch="false"/>
              </lines>
            </method>
            <method name="action_off" signature="" line-rate="1.0" branch-rate="1.0" complexity="0.0">
              <lines>
                <line number="60" hits="65" branch="false"/>
                <line number="62" hits="65" branch="false"/>
                <line number="63" hits="65" branch="false"/>
              </lines>
            </method>
            <method name="action_on" signature="" line-rate="1.0" branch-rate="1.0" complexity="0.0">
              <lines>
                <line number="65" hits="29" branch="false"/>
                <line number="67" hits="29" branch="false"/>
                <line number="68" hits="29" branch="false"/>
              </lines>
            </method>
            <method name="timer_expired" signature="" line-rate="1.0" branch-rate="1.0" complexity="0.0">
              <lines>
                <line number="70" hits="20" branch="false"/>
                <line number="72" hits="20" branch="false"/>
              </lines>
            </method>
            <method name="action_blink" signature="" line-rate="1.0" branch-rate="1.0" complexity="0.0">
              <lines>
                <line number="75" hits="20" branch="false"/>
                <line number="77" hits="20" branch="true" condition-coverage="100% (2/2)">
                  <conditions>
                    <condition number="0" type="jump" coverage="100%"/>
                  </conditions>
                </line>
                <line number="79" hits="8" branch="false"/>
                <line number="80" hits="8" branch="false"/>
                <line number="82" hits="20" branch="false"/>
              </lines>
            </method>
            <method name="action_blink_slow" signature="" line-rate="1.0" branch-rate="1.0" complexity="0.0">
              <lines>
                <line number="84" hits="10" branch="false"/>
              </lines>
            </method>
            <method name="action_blink_fast" signature="" line-rate="1.0" branch-rate="1.0" complexity="0.0">
              <lines>
                <line number="85" hits="10" branch="false"/>
              </lines>
            </method>
            <method name="next_state" signature="" line-rate="1.0" branch-rate="1.0" complexity="0.0">
              <lines>
                <line number="108" hits="71" branch="false"/>
                <line number="110" hits="155" branch="true" condition-coverage="100% (2/2)">
                  <conditions>
                    <condition number="0" type="jump" coverage="100%"/>
                  </conditions>
                </line>
                <line number="112" hits="146" branch="false"/>
                <line number="113" hits="146" branch="true" condition-coverage="100% (6/6)">
                  <conditions>
                    <condition number="0" type="jump" coverage="100%"/>
                  </conditions>
                </line>
                <line number="115" hits="62" branch="false"/>
                <line number="118" hits="9" branch="false"/>
              </lines>
            </method>
            <method name="sm_init" signature="" line-rate="1.0" branch-rate="1.0" complexity="0.0">
              <lines>
                <line number="121" hits="45" branch="false"/>
                <line number="123" hits="45" branch="false"/>
                <line number="124" hits="45" branch="false"/>
                <line number="125" hits="45" branch="false"/>
              </lines>
            </method>
            <method name="sm_handle_event" signature="" line-rate="1.0" branch-rate="1.0" complexity="0.0">
              <lines>
                <line number="127" hits="71" branch="false"/>
                <line number="129" hits="71" branch="false"/>
                <line number="130" hits="71" branch="true" condition-coverage="100% (2/2)">
                  <conditions>
                    <condition number="0" type="jump" coverage="100%"/>
                  </conditions>
                </line>
                <line number="132" hits="62" branch="false"/>
                <line number="133" hits="62" branch="false"/>
                <line number="134" hits="62" branch="false"/>
                <line number="136" hits="71" branch="false"/>
              </lines>
            </method>
            <method name="sm_get_state" signature="" line-rate="1.0" branch-rate="1.0" complexity="0.0">
              <lines>
                <line number="138" hits="27" branch="false"/>
                <line number="140" hits="27" branch="false"/>
              </lines>
            </method>
            <method name="sm_get_timer" signature="" line-rate="1.0" branch-rate="1.0" complexity="0.0">
              <lines>
                <line number="143" hits="12" branch="false"/>
                <line number="145" hits="12" branch="false"/>
              </lines>
            </method>
            <method name="sm_tick" signature="" line-rate="1.0" branch-rate="1.0" complexity="0.0">
              <lines>
                <line number="148" hits="114" branch="false"/>
                <line number="150" hits="114" branch="false"/>
                <line number="151" hits="114" branch="false"/>
                <line number="152" hits="114" branch="false"/>
              </lines>
            </method>
          </methods>
          <lines>
            <line number="32" hits="107" branch="false"/>
            <line number="34" hits="107" branch="false"/>
            <line number="35" hits="107" branch="false"/>
            <line number="36" hits="107" branch="false"/>
            <line number="38" hits="76" branch="false"/>
            <line number="40" hits="76" branch="false"/>
            <line number="41" hits="76" branch="false"/>
            <line number="42" hits="76" branch="false"/>
            <line number="45" hits="47" branch="false"/>
            <line number="46" hits="29" branch="false"/>
            <line number="47" hits="20" branch="false"/>
            <line number="48" hits="11" branch="false"/>
            <line number="51" hits="62" branch="false"/>
            <line number="60" hits="65" branch="false"/>
            <line number="62" hits="65" branch="false"/>
            <line number="63" hits="65" branch="false"/>
            <line number="65" hits="29" branch="false"/>
            <line number="67" hits="29" branch="false"/>
            <line number="68" hits="29" branch="false"/>
            <line number="70" hits="20" branch="false"/>
            <line number="72" hits="20" branch="false"/>
            <line number="75" hits="20" branch="false"/>
            <line number="77" hits="20" branch="true" condition-coverage="100% (2/2)">
              <conditions>
                <condition number="0" type="jump" coverage="100%"/>
              </conditions>
            </line>
            <line number="79" hits="8" branch="false"/>
            <line number="80" hits="8" branch="false"/>
            <line number="82" hits="20" branch="false"/>
            <line number="84" hits="10" branch="false"/>
            <line number="85" hits="10" branch="false"/>
            <line number="108" hits="71" branch="false"/>
            <line number="110" hits="155" branch="true" condition-coverage="100% (2/2)">
              <conditions>
                <condition number="0" type="jump" coverage="100%"/>
              </conditions>
            </line>
            <line number="112" hits="146" branch="false"/>
            <line number="113" hits="146" branch="true" condition-coverage="100% (6/6)">
              <conditions>
                <condition number="0" type="jump" coverage="100%"/>
              </conditions>
            </line>
            <line number="115" hits="62" branch="false"/>
            <line number="118" hits="9" branch="false"/>
            <line number="121" hits="45" branch="false"/>
            <line number="123" hits="45" branch="false"/>
            <line number="124" hits="45" branch="false"/>
            <line number="125" hits="45" branch="false"/>
            <line number="127" hits="71" branch="false"/>
            <line number="129" hits="71" branch="false"/>
            <line number="130" hits="71" branch="true" condition-coverage="100% (2/2)">
              <conditions>
                <condition number="0" type="jump" coverage="100%"/>
              </conditions>
            </line>
            <line number="132" hits="62" branch="false"/>
            <line number="133" hits="62" branch="false"/>
            <line number="134" hits="62" branch="false"/>
            <line number="136" hits="71" branch="false"/>
            <line number="138" hits="27" branch="false"/>
            <line number="140" hits="27" branch="false"/>
            <line number="143" hits="12" branch="false"/>
            <line number="145" hits="12" branch="false"/>
            <line number="148" hits="114" branch="false"/>
            <line number="150" hits="114" branch="false"/>
            <line number="151" hits="114" branch="false"/>
            <line number="152" hits="114" branch="false"/>
          </lines>
        </class>
      </classes>
    </package>
    <package name="Tests" line-rate="1.0" branch-rate="1.0" complexity="0.0">
      <classes>
        <class name="test_runner_c" filename="Tests/test_runner.c" line-rate="1.0" branch-rate="1.0" complexity="0.0">
          <methods>
            <method name="main" signature="" line-rate="1.0" branch-rate="1.0" complexity="0.0">
              <lines>
                <line number="37" hits="17" branch="false"/>
                <line number="39" hits="17" branch="false"/>
                <line number="41" hits="17" branch="false"/>
                <line number="44" hits="153" branch="true" condition-coverage="100% (2/2)">
                  <conditions>
                    <condition number="0" type="jump" coverage="100%"/>
                  </conditions>
                </line>
                <line number="46" hits="152" branch="true" condition-coverage="100% (2/2)">
                  <conditions>
                    <condition number="0" type="jump" coverage="100%"/>
                  </conditions>
                </line>
                <line number="48" hits="16" branch="false"/>
                <line number="49" hits="16" branch="false"/>
                <line number="53" hits="1" branch="false"/>
                <line number="54" hits="1" branch="false"/>
              </lines>
            </method>
          </methods>
          <lines>
            <line number="37" hits="17" branch="false"/>
            <line number="39" hits="17" branch="false"/>
            <line number="41" hits="17" branch="false"/>
            <line number="44" hits="153" branch="true" condition-coverage="100% (2/2)">
              <conditions>
                <condition number="0" type="jump" coverage="100%"/>
              </conditions>
            </line>
            <line number="46" hits="152" branch="true" condition-coverage="100% (2/2)">
              <conditions>
                <condition number="0" type="jump" coverage="100%"/>
              </conditions>
            </line>
            <line number="48" hits="16" branch="false"/>
            <line number="49" hits="16" branch="false"/>
            <line number="53" hits="1" branch="false"/>
            <line number="54" hits="1" branch="false"/>
          </lines>
        </class>
      </classes>
    </package>
    <package name="Tests.Fakes.Src" line-rate="1.0" branch-rate="1.0" complexity="0.0">
      <classes>
        <class name="fake_fsm_c" filename="Tests/Fakes/Src/fake_fsm.c" line-rate="1.0" branch-rate="1.0" complexity="0.0">
          <methods>
            <method name="fake_fsm_reset" signature="" line-rate="1.0" branch-rate="1.0" complexity="0.0">
              <lines>
                <line number="19" hits="19" branch="false"/>
                <line number="21" hits="19" branch="false"/>
                <line number="22" hits="19" branch="false"/>
              </lines>
            </method>
            <method name="fake_fsm_push_event" signature="" line-rate="1.0" branch-rate="1.0" complexity="0.0">
              <lines>
                <line number="24" hits="19" branch="false"/>
                <line number="26" hits="19" branch="false"/>
                <line number="27" hits="19" branch="false"/>
              </lines>
            </method>
            <method name="fake_fsm_last_event" signature="" line-rate="1.0" branch-rate="1.0" complexity="0.0">
              <lines>
                <line number="29" hits="21" branch="false"/>
                <line number="31" hits="21" branch="false"/>
              </lines>
            </method>
          </methods>
          <lines>
            <line number="19" hits="19" branch="false"/>
            <line number="21" hits="19" branch="false"/>
            <line number="22" hits="19" branch="false"/>
            <line number="24" hits="19" branch="false"/>
            <line number="26" hits="19" branch="false"/>
            <line number="27" hits="19" branch="false"/>
            <line number="29" hits="21" branch="false"/>
            <line number="31" hits="21" branch="false"/>
          </lines>
        </class>
        <class name="fake_hal_c" filename="Tests/Fakes/Src/fake_hal.c" line-rate="1.0" branch-rate="1.0" complexity="0.0">
          <methods>
            <method name="hal_get_tick" signature="" line-rate="1.0" branch-rate="1.0" complexity="0.0">
              <lines>
                <line number="23" hits="151" branch="false"/>
                <line number="25" hits="151" branch="false"/>
              </lines>
            </method>
            <method name="fake_hal_set_tick" signature="" line-rate="1.0" branch-rate="1.0" complexity="0.0">
              <lines>
                <line number="28" hits="124" branch="false"/>
                <line number="30" hits="124" branch="false"/>
                <line number="31" hits="124" branch="false"/>
              </lines>
            </method>
            <method name="fake_hal_reset" signature="" line-rate="1.0" branch-rate="1.0" complexity="0.0">
              <lines>
                <line number="40" hits="34" branch="false"/>
                <line number="42" hits="34" branch="false"/>
                <line number="43" hits="34" branch="false"/>
                <line number="44" hits="34" branch="false"/>
              </lines>
            </method>
            <method name="fake_hal_reset_toggle_count" signature="" line-rate="1.0" branch-rate="1.0" complexity="0.0">
              <lines>
                <line number="46" hits="38" branch="false"/>
                <line number="48" hits="38" branch="false"/>
                <line number="49" hits="38" branch="false"/>
              </lines>
            </method>
            <method name="hal_toggle_led" signature="" line-rate="1.0" branch-rate="1.0" complexity="0.0">
              <lines>
                <line number="52" hits="11" branch="false"/>
                <line number="54" hits="11" branch="false"/>
                <line number="55" hits="11" branch="false"/>
              </lines>
            </method>
            <method name="fake_hal_get_toggle_count" signature="" line-rate="1.0" branch-rate="1.0" complexity="0.0">
              <lines>
                <line number="58" hits="20" branch="false"/>
                <line number="60" hits="20" branch="false"/>
              </lines>
            </method>
          </methods>
          <lines>
            <line number="23" hits="151" branch="false"/>
            <line number="25" hits="151" branch="false"/>
            <line number="28" hits="124" branch="false"/>
            <line number="30" hits="124" branch="false"/>
            <line number="31" hits="124" branch="false"/>
            <line number="40" hits="34" branch="false"/>
            <line number="42" hits="34" branch="false"/>
            <line number="43" hits="34" branch="false"/>
            <line number="44" hits="34" branch="false"/>
            <line number="46" hits="38" branch="false"/>
            <line number="48" hits="38" branch="false"/>
            <line number="49" hits="38" branch="false"/>
            <line number="52" hits="11" branch="false"/>
            <line number="54" hits="11" branch="false"/>
            <line number="55" hits="11" branch="false"/>
            <line number="58" hits="20" branch="false"/>
            <line number="60" hits="20" branch="false"/>
          </lines>
        </class>
        <class name="fake_tguard_c" filename="Tests/Fakes/Src/fake_tguard.c" line-rate="1.0" branch-rate="1.0" complexity="0.0">
          <methods>
            <method name="fake_tguard_set" signature="" line-rate="1.0" branch-rate="1.0" complexity="0.0">
              <lines>
                <line number="13" hits="2" branch="false"/>
                <line number="15" hits="2" branch="false"/>
                <line number="16" hits="2" branch="false"/>
              </lines>
            </method>
            <method name="fake_tguard_reset" signature="" line-rate="1.0" branch-rate="1.0" complexity="0.0">
              <lines>
                <line number="18" hits="2" branch="false"/>
                <line number="20" hits="2" branch="false"/>
                <line number="21" hits="2" branch="false"/>
              </lines>
            </method>
            <method name="tguard" signature="" line-rate="1.0" branch-rate="1.0" complexity="0.0">
              <lines>
                <line number="23" hits="63" branch="false"/>
                <line number="25" hits="63" branch="false"/>
              </lines>
            </method>
          </methods>
          <lines>
            <line number="13" hits="2" branch="false"/>
            <line number="15" hits="2" branch="false"/>
            <line number="16" hits="2" branch="false"/>
            <line number="18" hits="2" branch="false"/>
            <line number="20" hits="2" branch="false"/>
            <line number="21" hits="2" branch="false"/>
            <line number="23" hits="63" branch="false"/>
            <line number="25" hits="63" branch="false"/>
          </lines>
        </class>
      </classes>
    </package>
    <package name="Tests.Unit.Src" line-rate="0.932" branch-rate="0.9090909090909091" complexity="0.0">
      <classes>
        <class name="test_app_c" filename="Tests/Unit/Src/test_app.c" line-rate="1.0" branch-rate="0.9583333333333334" complexity="0.0">
          <methods>
            <method name="test_app_tick_press_parameterized" signature="" line-rate="1.0" branch-rate="1.0" complexity="0.0">
              <lines>
                <line number="29" hits="1" branch="false"/>
                <line number="31" hits="1" branch="false"/>
                <line number="36" hits="1" branch="false"/>
                <line number="38" hits="4" branch="true" condition-coverage="100% (2/2)">
                  <conditions>
                    <condition number="0" type="jump" coverage="100%"/>
                  </conditions>
                </line>
                <line number="40" hits="3" branch="false"/>
                <line number="41" hits="3" branch="false"/>
                <line number="42" hits="3" branch="false"/>
                <line number="43" hits="3" branch="false"/>
                <line number="46" hits="15" branch="true" condition-coverage="100% (2/2)">
                  <conditions>
                    <condition number="0" type="jump" coverage="100%"/>
                  </conditions>
                </line>
                <line number="48" hits="12" branch="false"/>
                <line number="49" hits="12" branch="false"/>
                <line number="50" hits="12" branch="false"/>
                <line number="53" hits="3" branch="false"/>
                <line number="55" hits="1" branch="false"/>
              </lines>
            </method>
            <method name="test_app_tick_release_parameterized" signature="" line-rate="1.0" branch-rate="1.0" complexity="0.0">
              <lines>
                <line number="61" hits="1" branch="false"/>
                <line number="63" hits="1" branch="false"/>
                <line number="68" hits="1" branch="false"/>
                <line number="70" hits="4" branch="true" condition-coverage="100% (2/2)">
                  <conditions>
                    <condition number="0" type="jump" coverage="100%"/>
                  </conditions>
                </line>
                <line number="72" hits="3" branch="false"/>
                <line number="73" hits="3" branch="false"/>
                <line number="74" hits="3" branch="false"/>
                <line number="75" hits="3" branch="false"/>
                <line number="78" hits="3" branch="false"/>
                <line number="79" hits="3" branch="false"/>
                <line number="80" hits="3" branch="false"/>
                <line number="81" hits="3" branch="false"/>
                <line number="82" hits="3" branch="false"/>
                <line number="83" hits="3" branch="false"/>
                <line number="84" hits="3" branch="false"/>
                <line number="87" hits="15" branch="true" condition-coverage="100% (2/2)">
                  <conditions>
                    <condition number="0" type="jump" coverage="100%"/>
                  </conditions>
                </line>
                <line number="89" hits="12" branch="false"/>
                <line number="90" hits="12" branch="false"/>
                <line number="91" hits="12" branch="false"/>
                <line number="94" hits="3" branch="false"/>
                <line number="96" hits="1" branch="false"/>
              </lines>
            </method>
            <method name="test_app_init_parameterized" signature="" line-rate="1.0" branch-rate="0.5" complexity="0.0">
              <lines>
                <line number="101" hits="1" branch="false"/>
                <line number="104" hits="1" branch="false"/>
                <line number="105" hits="1" branch="false"/>
                <line number="107" hits="1" branch="false"/>
                <line number="110" hits="1" branch="false"/>
                <line number="113" hits="1" branch="true" condition-coverage="50% (1/2)">
                  <conditions>
                    <condition number="0" type="jump" coverage="50%"/>
                  </conditions>
                </line>
                <line number="114" hits="1" branch="false"/>
              </lines>
            </method>
            <method name="test_app_tick_no_event_parameterized" signature="" line-rate="1.0" branch-rate="1.0" complexity="0.0">
              <lines>
                <line number="119" hits="1" branch="false"/>
                <line number="121" hits="1" branch="false"/>
                <line number="127" hits="1" branch="false"/>
                <line number="129" hits="4" branch="true" condition-coverage="100% (2/2)">
                  <conditions>
                    <condition number="0" type="jump" coverage="100%"/>
                  </conditions>
                </line>
                <line number="131" hits="3" branch="false"/>
                <line number="134" hits="3" branch="true" condition-coverage="100% (2/2)">
                  <conditions>
                    <condition number="0" type="jump" coverage="100%"/>
                  </conditions>
                </line>
                <line number="136" hits="1" branch="false"/>
                <line number="137" hits="1" branch="false"/>
                <line number="138" hits="1" branch="false"/>
                <line number="139" hits="1" branch="false"/>
                <line number="140" hits="1" branch="false"/>
                <line number="141" hits="1" branch="false"/>
                <line number="142" hits="1" branch="false"/>
                <line number="143" hits="1" branch="false"/>
                <line number="144" hits="1" branch="false"/>
                <line number="146" hits="1" branch="false"/>
                <line number="150" hits="18" branch="true" condition-coverage="100% (2/2)">
                  <conditions>
                    <condition number="0" type="jump" coverage="100%"/>
                  </conditions>
                </line>
                <line number="152" hits="15" branch="false"/>
                <line number="153" hits="15" branch="false"/>
                <line number="154" hits="15" branch="false"/>
                <line number="157" hits="3" branch="false"/>
                <line number="159" hits="1" branch="false"/>
              </lines>
            </method>
            <method name="test_app_tick_bounce_parameterized" signature="" line-rate="1.0" branch-rate="1.0" complexity="0.0">
              <lines>
                <line number="164" hits="1" branch="false"/>
                <line number="166" hits="1" branch="false"/>
                <line number="171" hits="1" branch="false"/>
                <line number="173" hits="4" branch="true" condition-coverage="100% (2/2)">
                  <conditions>
                    <condition number="0" type="jump" coverage="100%"/>
                  </conditions>
                </line>
                <line number="175" hits="3" branch="false"/>
                <line number="177" hits="12" branch="true" condition-coverage="100% (2/2)">
                  <conditions>
                    <condition number="0" type="jump" coverage="100%"/>
                  </conditions>
                </line>
                <line number="179" hits="9" branch="false"/>
                <line number="180" hits="9" branch="false"/>
                <line number="181" hits="9" branch="false"/>
                <line number="184" hits="3" branch="false"/>
                <line number="186" hits="1" branch="false"/>
              </lines>
            </method>
            <method name="test_app_tick_stable_no_new_event_parameterized" signature="" line-rate="1.0" branch-rate="1.0" complexity="0.0">
              <lines>
                <line number="191" hits="1" branch="false"/>
                <line number="193" hits="1" branch="false"/>
                <line number="198" hits="1" branch="false"/>
                <line number="200" hits="4" branch="true" condition-coverage="100% (2/2)">
                  <conditions>
                    <condition number="0" type="jump" coverage="100%"/>
                  </conditions>
                </line>
                <line number="202" hits="3" branch="false"/>
                <line number="205" hits="3" branch="false"/>
                <line number="206" hits="3" branch="false"/>
                <line number="207" hits="3" branch="false"/>
                <line number="208" hits="3" branch="false"/>
                <line number="209" hits="3" branch="false"/>
                <line number="210" hits="3" branch="false"/>
                <line number="211" hits="3" branch="false"/>
                <line number="212" hits="3" branch="false"/>
                <line number="213" hits="3" branch="false"/>
                <line number="215" hits="3" branch="false"/>
                <line number="218" hits="18" branch="true" condition-coverage="100% (2/2)">
                  <conditions>
                    <condition number="0" type="jump" coverage="100%"/>
                  </conditions>
                </line>
                <line number="220" hits="15" branch="false"/>
                <line number="221" hits="15" branch="false"/>
                <line number="222" hits="15" branch="false"/>
                <line number="225" hits="3" branch="false"/>
                <line number="227" hits="1" branch="false"/>
              </lines>
            </method>
          </methods>
          <lines>
            <line number="29" hits="1" branch="false"/>
            <line number="31" hits="1" branch="false"/>
            <line number="36" hits="1" branch="false"/>
            <line number="38" hits="4" branch="true" condition-coverage="100% (2/2)">
              <conditions>
                <condition number="0" type="jump" coverage="100%"/>
              </conditions>
            </line>
            <line number="40" hits="3" branch="false"/>
            <line number="41" hits="3" branch="false"/>
            <line number="42" hits="3" branch="false"/>
            <line number="43" hits="3" branch="false"/>
            <line number="46" hits="15" branch="true" condition-coverage="100% (2/2)">
              <conditions>
                <condition number="0" type="jump" coverage="100%"/>
              </conditions>
            </line>
            <line number="48" hits="12" branch="false"/>
            <line number="49" hits="12" branch="false"/>
            <line number="50" hits="12" branch="false"/>
            <line number="53" hits="3" branch="false"/>
            <line number="55" hits="1" branch="false"/>
            <line number="61" hits="1" branch="false"/>
            <line number="63" hits="1" branch="false"/>
            <line number="68" hits="1" branch="false"/>
            <line number="70" hits="4" branch="true" condition-coverage="100% (2/2)">
              <conditions>
                <condition number="0" type="jump" coverage="100%"/>
              </conditions>
            </line>
            <line number="72" hits="3" branch="false"/>
            <line number="73" hits="3" branch="false"/>
            <line number="74" hits="3" branch="false"/>
            <line number="75" hits="3" branch="false"/>
            <line number="78" hits="3" branch="false"/>
            <line number="79" hits="3" branch="false"/>
            <line number="80" hits="3" branch="false"/>
            <line number="81" hits="3" branch="false"/>
            <line number="82" hits="3" branch="false"/>
            <line number="83" hits="3" branch="false"/>
            <line number="84" hits="3" branch="false"/>
            <line number="87" hits="15" branch="true" condition-coverage="100% (2/2)">
              <conditions>
                <condition number="0" type="jump" coverage="100%"/>
              </conditions>
            </line>
            <line number="89" hits="12" branch="false"/>
            <line number="90" hits="12" branch="false"/>
            <line number="91" hits="12" branch="false"/>
            <line number="94" hits="3" branch="false"/>
            <line number="96" hits="1" branch="false"/>
            <line number="101" hits="1" branch="false"/>
            <line number="104" hits="1" branch="false"/>
            <line number="105" hits="1" branch="false"/>
            <line number="107" hits="1" branch="false"/>
            <line number="110" hits="1" branch="false"/>
            <line number="113" hits="1" branch="true" condition-coverage="50% (1/2)">
              <conditions>
                <condition number="0" type="jump" coverage="50%"/>
              </conditions>
            </line>
            <line number="114" hits="1" branch="false"/>
            <line number="119" hits="1" branch="false"/>
            <line number="121" hits="1" branch="false"/>
            <line number="127" hits="1" branch="false"/>
            <line number="129" hits="4" branch="true" condition-coverage="100% (2/2)">
              <conditions>
                <condition number="0" type="jump" coverage="100%"/>
              </conditions>
            </line>
            <line number="131" hits="3" branch="false"/>
            <line number="134" hits="3" branch="true" condition-coverage="100% (2/2)">
              <conditions>
                <condition number="0" type="jump" coverage="100%"/>
              </conditions>
            </line>
            <line number="136" hits="1" branch="false"/>
            <line number="137" hits="1" branch="false"/>
            <line number="138" hits="1" branch="false"/>
            <line number="139" hits="1" branch="false"/>
            <line number="140" hits="1" branch="false"/>
            <line number="141" hits="1" branch="false"/>
            <line number="142" hits="1" branch="false"/>
            <line number="143" hits="1" branch="false"/>
            <line number="144" hits="1" branch="false"/>
            <line number="146" hits="1" branch="false"/>
            <line number="150" hits="18" branch="true" condition-coverage="100% (2/2)">
              <conditions>
                <condition number="0" type="jump" coverage="100%"/>
              </conditions>
            </line>
            <line number="152" hits="15" branch="false"/>
            <line number="153" hits="15" branch="false"/>
            <line number="154" hits="15" branch="false"/>
            <line number="157" hits="3" branch="false"/>
            <line number="159" hits="1" branch="false"/>
            <line number="164" hits="1" branch="false"/>
            <line number="166" hits="1" branch="false"/>
            <line number="171" hits="1" branch="false"/>
            <line number="173" hits="4" branch="true" condition-coverage="100% (2/2)">
              <conditions>
                <condition number="0" type="jump" coverage="100%"/>
              </conditions>
            </line>
            <line number="175" hits="3" branch="false"/>
            <line number="177" hits="12" branch="true" condition-coverage="100% (2/2)">
              <conditions>
                <condition number="0" type="jump" coverage="100%"/>
              </conditions>
            </line>
            <line number="179" hits="9" branch="false"/>
            <line number="180" hits="9" branch="false"/>
            <line number="181" hits="9" branch="false"/>
            <line number="184" hits="3" branch="false"/>
            <line number="186" hits="1" branch="false"/>
            <line number="191" hits="1" branch="false"/>
            <line number="193" hits="1" branch="false"/>
            <line number="198" hits="1" branch="false"/>
            <line number="200" hits="4" branch="true" condition-coverage="100% (2/2)">
              <conditions>
                <condition number="0" type="jump" coverage="100%"/>
              </conditions>
            </line>
            <line number="202" hits="3" branch="false"/>
            <line number="205" hits="3" branch="false"/>
            <line number="206" hits="3" branch="false"/>
            <line number="207" hits="3" branch="false"/>
            <line number="208" hits="3" branch="false"/>
            <line number="209" hits="3" branch="false"/>
            <line number="210" hits="3" branch="false"/>
            <line number="211" hits="3" branch="false"/>
            <line number="212" hits="3" branch="false"/>
            <line number="213" hits="3" branch="false"/>
            <line number="215" hits="3" branch="false"/>
            <line number="218" hits="18" branch="true" condition-coverage="100% (2/2)">
              <conditions>
                <condition number="0" type="jump" coverage="100%"/>
              </conditions>
            </line>
            <line number="220" hits="15" branch="false"/>
            <line number="221" hits="15" branch="false"/>
            <line number="222" hits="15" branch="false"/>
            <line number="225" hits="3" branch="false"/>
            <line number="227" hits="1" branch="false"/>
          </lines>
        </class>
        <class name="test_button_c" filename="Tests/Unit/Src/test_button.c" line-rate="1.0" branch-rate="1.0" complexity="0.0">
          <methods>
            <method name="fake_sink" signature="" line-rate="1.0" branch-rate="1.0" complexity="0.0">
              <lines>
                <line number="23" hits="19" branch="false"/>
                <line number="25" hits="19" branch="false"/>
                <line number="26" hits="19" branch="false"/>
              </lines>
            </method>
            <method name="setUp" signature="" line-rate="1.0" branch-rate="1.0" complexity="0.0">
              <lines>
                <line number="27" hits="16" branch="false"/>
              </lines>
            </method>
            <method name="tearDown" signature="" line-rate="1.0" branch-rate="1.0" complexity="0.0">
              <lines>
                <line number="28" hits="16" branch="false"/>
              </lines>
            </method>
            <method name="run_sequence" signature="" line-rate="1.0" branch-rate="1.0" complexity="0.0">
              <lines>
                <line number="30" hits="9" branch="false"/>
                <line number="33" hits="50" branch="true" condition-coverage="100% (2/2)">
                  <conditions>
                    <condition number="0" type="jump" coverage="100%"/>
                  </conditions>
                </line>
                <line number="35" hits="41" branch="false"/>
                <line number="36" hits="41" branch="false"/>
                <line number="38" hits="9" branch="false"/>
              </lines>
            </method>
            <method name="test_button_press_scenarios_parameterized" signature="" line-rate="1.0" branch-rate="1.0" complexity="0.0">
              <lines>
                <line number="44" hits="1" branch="false"/>
                <line number="46" hits="1" branch="false"/>
                <line number="66" hits="4" branch="true" condition-coverage="100% (2/2)">
                  <conditions>
                    <condition number="0" type="jump" coverage="100%"/>
                  </conditions>
                </line>
                <line number="69" hits="3" branch="false"/>
                <line number="70" hits="3" branch="false"/>
                <line number="73" hits="3" branch="false"/>
                <line number="76" hits="3" branch="false"/>
                <line number="81" hits="3" branch="false"/>
                <line number="86" hits="1" branch="false"/>
              </lines>
            </method>
            <method name="test_button_release_scenarios_parameterized" signature="" line-rate="1.0" branch-rate="1.0" complexity="0.0">
              <lines>
                <line number="92" hits="1" branch="false"/>
                <line number="94" hits="1" branch="false"/>
                <line number="114" hits="4" branch="true" condition-coverage="100% (2/2)">
                  <conditions>
                    <condition number="0" type="jump" coverage="100%"/>
                  </conditions>
                </line>
                <line number="117" hits="3" branch="false"/>
                <line number="118" hits="3" branch="false"/>
                <line number="121" hits="3" branch="false"/>
                <line number="124" hits="3" branch="false"/>
                <line number="129" hits="3" branch="false"/>
                <line number="134" hits="1" branch="false"/>
              </lines>
            </method>
            <method name="test_button_is_pressed_scenarios_parameterized" signature="" line-rate="1.0" branch-rate="1.0" complexity="0.0">
              <lines>
                <line number="140" hits="1" branch="false"/>
                <line number="142" hits="1" branch="false"/>
                <line number="162" hits="4" branch="true" condition-coverage="100% (2/2)">
                  <conditions>
                    <condition number="0" type="jump" coverage="100%"/>
                  </conditions>
                </line>
                <line number="165" hits="3" branch="false"/>
                <line number="166" hits="3" branch="false"/>
                <line number="169" hits="3" branch="false"/>
                <line number="172" hits="3" branch="false"/>
                <line number="177" hits="1" branch="false"/>
              </lines>
            </method>
          </methods>
          <lines>
            <line number="23" hits="19" branch="false"/>
            <line number="25" hits="19" branch="false"/>
            <line number="26" hits="19" branch="false"/>
            <line number="27" hits="16" branch="false"/>
            <line number="28" hits="16" branch="false"/>
            <line number="30" hits="9" branch="false"/>
            <line number="33" hits="50" branch="true" condition-coverage="100% (2/2)">
              <conditions>
                <condition number="0" type="jump" coverage="100%"/>
              </conditions>
            </line>
            <line number="35" hits="41" branch="false"/>
            <line number="36" hits="41" branch="false"/>
            <line number="38" hits="9" branch="false"/>
            <line number="44" hits="1" branch="false"/>
            <line number="46" hits="1" branch="false"/>
            <line number="66" hits="4" branch="true" condition-coverage="100% (2/2)">
              <conditions>
                <condition number="0" type="jump" coverage="100%"/>
              </conditions>
            </line>
            <line number="69" hits="3" branch="false"/>
            <line number="70" hits="3" branch="false"/>
            <line number="73" hits="3" branch="false"/>
            <line number="76" hits="3" branch="false"/>
            <line number="81" hits="3" branch="false"/>
            <line number="86" hits="1" branch="false"/>
            <line number="92" hits="1" branch="false"/>
            <line number="94" hits="1" branch="false"/>
            <line number="114" hits="4" branch="true" condition-coverage="100% (2/2)">
              <conditions>
                <condition number="0" type="jump" coverage="100%"/>
              </conditions>
            </line>
            <line number="117" hits="3" branch="false"/>
            <line number="118" hits="3" branch="false"/>
            <line number="121" hits="3" branch="false"/>
            <line number="124" hits="3" branch="false"/>
            <line number="129" hits="3" branch="false"/>
            <line number="134" hits="1" branch="false"/>
            <line number="140" hits="1" branch="false"/>
            <line number="142" hits="1" branch="false"/>
            <line number="162" hits="4" branch="true" condition-coverage="100% (2/2)">
              <conditions>
                <condition number="0" type="jump" coverage="100%"/>
              </conditions>
            </line>
            <line number="165" hits="3" branch="false"/>
            <line number="166" hits="3" branch="false"/>
            <line number="169" hits="3" branch="false"/>
            <line number="172" hits="3" branch="false"/>
            <line number="177" hits="1" branch="false"/>
          </lines>
        </class>
        <class name="test_led_c" filename="Tests/Unit/Src/test_led.c" line-rate="1.0" branch-rate="1.0" complexity="0.0">
          <methods>
            <method name="test_led_init_parameterized" signature="" line-rate="1.0" branch-rate="1.0" complexity="0.0">
              <lines>
                <line number="38" hits="1" branch="false"/>
                <line number="41" hits="1" branch="false"/>
                <line number="46" hits="1" branch="false"/>
                <line number="48" hits="4" branch="true" condition-coverage="100% (2/2)">
                  <conditions>
                    <condition number="0" type="jump" coverage="100%"/>
                  </conditions>
                </line>
                <line number="51" hits="3" branch="false"/>
                <line number="52" hits="3" branch="false"/>
                <line number="55" hits="3" branch="false"/>
                <line number="58" hits="3" branch="false"/>
                <line number="59" hits="3" branch="false"/>
                <line number="61" hits="1" branch="false"/>
              </lines>
            </method>
            <method name="test_led_tick_parameterized" signature="" line-rate="1.0" branch-rate="1.0" complexity="0.0">
              <lines>
                <line number="67" hits="1" branch="false"/>
                <line number="69" hits="1" branch="false"/>
                <line number="78" hits="1" branch="false"/>
                <line number="81" hits="1" branch="false"/>
                <line number="82" hits="1" branch="false"/>
                <line number="84" hits="8" branch="true" condition-coverage="100% (2/2)">
                  <conditions>
                    <condition number="0" type="jump" coverage="100%"/>
                  </conditions>
                </line>
                <line number="87" hits="7" branch="false"/>
                <line number="90" hits="7" branch="false"/>
                <line number="93" hits="7" branch="false"/>
                <line number="95" hits="1" branch="false"/>
              </lines>
            </method>
          </methods>
          <lines>
            <line number="38" hits="1" branch="false"/>
            <line number="41" hits="1" branch="false"/>
            <line number="46" hits="1" branch="false"/>
            <line number="48" hits="4" branch="true" condition-coverage="100% (2/2)">
              <conditions>
                <condition number="0" type="jump" coverage="100%"/>
              </conditions>
            </line>
            <line number="51" hits="3" branch="false"/>
            <line number="52" hits="3" branch="false"/>
            <line number="55" hits="3" branch="false"/>
            <line number="58" hits="3" branch="false"/>
            <line number="59" hits="3" branch="false"/>
            <line number="61" hits="1" branch="false"/>
            <line number="67" hits="1" branch="false"/>
            <line number="69" hits="1" branch="false"/>
            <line number="78" hits="1" branch="false"/>
            <line number="81" hits="1" branch="false"/>
            <line number="82" hits="1" branch="false"/>
            <line number="84" hits="8" branch="true" condition-coverage="100% (2/2)">
              <conditions>
                <condition number="0" type="jump" coverage="100%"/>
              </conditions>
            </line>
            <line number="87" hits="7" branch="false"/>
            <line number="90" hits="7" branch="false"/>
            <line number="93" hits="7" branch="false"/>
            <line number="95" hits="1" branch="false"/>
          </lines>
        </class>
        <class name="test_state_machine_c" filename="Tests/Unit/Src/test_state_machine.c" line-rate="0.826530612244898" branch-rate="0.8333333333333334" complexity="0.0">
          <methods>
            <method name="test_state_transitions_parameterized" signature="" line-rate="1.0" branch-rate="1.0" complexity="0.0">
              <lines>
                <line number="58" hits="1" branch="false"/>
                <line number="63" hits="1" branch="false"/>
                <line number="71" hits="1" branch="false"/>
                <line number="73" hits="6" branch="true" condition-coverage="100% (2/2)">
                  <conditions>
                    <condition number="0" type="jump" coverage="100%"/>
                  </conditions>
                </line>
                <line number="78" hits="5" branch="false"/>
                <line number="81" hits="15" branch="true" condition-coverage="100% (2/2)">
                  <conditions>
                    <condition number="0" type="jump" coverage="100%"/>
                  </conditions>
                </line>
                <line number="83" hits="10" branch="false"/>
                <line number="89" hits="5" branch="false"/>
                <line number="94" hits="5" branch="false"/>
                <line number="99" hits="1" branch="false"/>
              </lines>
            </method>
            <method name="test_blink_toggles_led_after_interval_parameterized" signature="" line-rate="0.0" branch-rate="0.0" complexity="0.0">
              <lines>
                <line number="101" hits="0" branch="false"/>
                <line number="106" hits="0" branch="false"/>
                <line number="111" hits="0" branch="false"/>
                <line number="113" hits="0" branch="true" condition-coverage="0% (0/2)">
                  <conditions>
                    <condition number="0" type="jump" coverage="0%"/>
                  </conditions>
                </line>
                <line number="118" hits="0" branch="false"/>
                <line number="119" hits="0" branch="false"/>
                <line number="120" hits="0" branch="false"/>
                <line number="123" hits="0" branch="false"/>
                <line number="124" hits="0" branch="false"/>
                <line number="127" hits="0" branch="true" condition-coverage="0% (0/2)">
                  <conditions>
                    <condition number="0" type="jump" coverage="0%"/>
                  </conditions>
                </line>
                <line number="129" hits="0" branch="false"/>
                <line number="135" hits="0" branch="false"/>
                <line number="136" hits="0" branch="false"/>
                <line number="144" hits="0" branch="false"/>
                <line number="145" hits="0" branch="false"/>
                <line number="150" hits="0" branch="false"/>
                <line number="155" hits="0" branch="false"/>
              </lines>
            </method>
            <method name="test_blink_timeout_behavior_parameterized" signature="" line-rate="1.0" branch-rate="1.0" complexity="0.0">
              <lines>
                <line number="157" hits="1" branch="false"/>
                <line number="162" hits="1" branch="false"/>
                <line number="178" hits="1" branch="false"/>
                <line number="180" hits="11" branch="true" condition-coverage="100% (2/2)">
                  <conditions>
                    <condition number="0" type="jump" coverage="100%"/>
                  </conditions>
                </line>
                <line number="185" hits="10" branch="false"/>
                <line number="186" hits="10" branch="false"/>
                <line number="189" hits="10" branch="false"/>
                <line number="190" hits="10" branch="false"/>
                <line number="193" hits="10" branch="true" condition-coverage="100% (2/2)">
                  <conditions>
                    <condition number="0" type="jump" coverage="100%"/>
                  </conditions>
                </line>
                <line number="195" hits="5" branch="false"/>
                <line number="198" hits="10" branch="false"/>
                <line number="199" hits="10" branch="true" condition-coverage="100% (2/2)">
                  <conditions>
                    <condition number="0" type="jump" coverage="100%"/>
                  </conditions>
                </line>
                <line number="204" hits="10" branch="false"/>
                <line number="206" hits="18" branch="true" condition-coverage="100% (2/2)">
                  <conditions>
                    <condition number="0" type="jump" coverage="100%"/>
                  </conditions>
                </line>
                <line number="208" hits="8" branch="false"/>
                <line number="209" hits="8" branch="false"/>
                <line number="213" hits="10" branch="false"/>
                <line number="214" hits="10" branch="false"/>
                <line number="219" hits="10" branch="false"/>
                <line number="224" hits="1" branch="false"/>
              </lines>
            </method>
            <method name="test_timer_resets_on_state_change_parameterized" signature="" line-rate="1.0" branch-rate="0.8333333333333334" complexity="0.0">
              <lines>
                <line number="226" hits="1" branch="false"/>
                <line number="231" hits="1" branch="false"/>
                <line number="238" hits="1" branch="false"/>
                <line number="240" hits="5" branch="true" condition-coverage="100% (2/2)">
                  <conditions>
                    <condition number="0" type="jump" coverage="100%"/>
                  </conditions>
                </line>
                <line number="245" hits="4" branch="false"/>
                <line number="246" hits="4" branch="false"/>
                <line number="247" hits="4" branch="false"/>
                <line number="250" hits="4" branch="false"/>
                <line number="251" hits="4" branch="true" condition-coverage="50% (1/2)">
                  <conditions>
                    <condition number="0" type="jump" coverage="50%"/>
                  </conditions>
                </line>
                <line number="254" hits="14" branch="true" condition-coverage="100% (2/2)">
                  <conditions>
                    <condition number="0" type="jump" coverage="100%"/>
                  </conditions>
                </line>
                <line number="256" hits="10" branch="false"/>
                <line number="262" hits="4" branch="false"/>
                <line number="268" hits="4" branch="false"/>
                <line number="276" hits="4" branch="false"/>
                <line number="277" hits="4" branch="false"/>
                <line number="282" hits="4" branch="false"/>
                <line number="287" hits="1" branch="false"/>
              </lines>
            </method>
            <method name="test_next_state_returns_current_when_no_transition_parameterized" signature="" line-rate="1.0" branch-rate="1.0" complexity="0.0">
              <lines>
                <line number="289" hits="1" branch="false"/>
                <line number="294" hits="1" branch="false"/>
                <line number="305" hits="1" branch="false"/>
                <line number="307" hits="9" branch="true" condition-coverage="100% (2/2)">
                  <conditions>
                    <condition number="0" type="jump" coverage="100%"/>
                  </conditions>
                </line>
                <line number="312" hits="8" branch="false"/>
                <line number="314" hits="8" branch="true" condition-coverage="100% (4/4)">
                  <conditions>
                    <condition number="0" type="jump" coverage="100%"/>
                  </conditions>
                </line>
                <line number="316" hits="2" branch="false"/>
                <line number="317" hits="2" branch="false"/>
                <line number="318" hits="2" branch="false"/>
                <line number="320" hits="2" branch="false"/>
                <line number="321" hits="2" branch="false"/>
                <line number="322" hits="2" branch="false"/>
                <line number="323" hits="2" branch="false"/>
                <line number="325" hits="2" branch="false"/>
                <line number="326" hits="2" branch="false"/>
                <line number="327" hits="2" branch="false"/>
                <line number="328" hits="2" branch="false"/>
                <line number="329" hits="2" branch="false"/>
                <line number="331" hits="2" branch="false"/>
                <line number="332" hits="2" branch="false"/>
                <line number="335" hits="8" branch="false"/>
                <line number="343" hits="8" branch="false"/>
                <line number="348" hits="8" branch="false"/>
                <line number="353" hits="1" branch="false"/>
              </lines>
            </method>
            <method name="test_guard_always_true_parameterized" signature="" line-rate="1.0" branch-rate="1.0" complexity="0.0">
              <lines>
                <line number="355" hits="1" branch="false"/>
                <line number="360" hits="1" branch="false"/>
                <line number="364" hits="1" branch="false"/>
                <line number="366" hits="3" branch="true" condition-coverage="100% (2/2)">
                  <conditions>
                    <condition number="0" type="jump" coverage="100%"/>
                  </conditions>
                </line>
                <line number="371" hits="2" branch="false"/>
                <line number="372" hits="2" branch="false"/>
                <line number="373" hits="2" branch="false"/>
                <line number="378" hits="2" branch="false"/>
                <line number="383" hits="2" branch="false"/>
                <line number="388" hits="1" branch="false"/>
              </lines>
            </method>
          </methods>
          <lines>
            <line number="58" hits="1" branch="false"/>
            <line number="63" hits="1" branch="false"/>
            <line number="71" hits="1" branch="false"/>
            <line number="73" hits="6" branch="true" condition-coverage="100% (2/2)">
              <conditions>
                <condition number="0" type="jump" coverage="100%"/>
              </conditions>
            </line>
            <line number="78" hits="5" branch="false"/>
            <line number="81" hits="15" branch="true" condition-coverage="100% (2/2)">
              <conditions>
                <condition number="0" type="jump" coverage="100%"/>
              </conditions>
            </line>
            <line number="83" hits="10" branch="false"/>
            <line number="89" hits="5" branch="false"/>
            <line number="94" hits="5" branch="false"/>
            <line number="99" hits="1" branch="false"/>
            <line number="101" hits="0" branch="false"/>
            <line number="106" hits="0" branch="false"/>
            <line number="111" hits="0" branch="false"/>
            <line number="113" hits="0" branch="true" condition-coverage="0% (0/2)">
              <conditions>
                <condition number="0" type="jump" coverage="0%"/>
              </conditions>
            </line>
            <line number="118" hits="0" branch="false"/>
            <line number="119" hits="0" branch="false"/>
            <line number="120" hits="0" branch="false"/>
            <line number="123" hits="0" branch="false"/>
            <line number="124" hits="0" branch="false"/>
            <line number="127" hits="0" branch="true" condition-coverage="0% (0/2)">
              <conditions>
                <condition number="0" type="jump" coverage="0%"/>
              </conditions>
            </line>
            <line number="129" hits="0" branch="false"/>
            <line number="135" hits="0" branch="false"/>
            <line number="136" hits="0" branch="false"/>
            <line number="144" hits="0" branch="false"/>
            <line number="145" hits="0" branch="false"/>
            <line number="150" hits="0" branch="false"/>
            <line number="155" hits="0" branch="false"/>
            <line number="157" hits="1" branch="false"/>
            <line number="162" hits="1" branch="false"/>
            <line number="178" hits="1" branch="false"/>
            <line number="180" hits="11" branch="true" condition-coverage="100% (2/2)">
              <conditions>
                <condition number="0" type="jump" coverage="100%"/>
              </conditions>
            </line>
            <line number="185" hits="10" branch="false"/>
            <line number="186" hits="10" branch="false"/>
            <line number="189" hits="10" branch="false"/>
            <line number="190" hits="10" branch="false"/>
            <line number="193" hits="10" branch="true" condition-coverage="100% (2/2)">
              <conditions>
                <condition number="0" type="jump" coverage="100%"/>
              </conditions>
            </line>
            <line number="195" hits="5" branch="false"/>
            <line number="198" hits="10" branch="false"/>
            <line number="199" hits="10" branch="true" condition-coverage="100% (2/2)">
              <conditions>
                <condition number="0" type="jump" coverage="100%"/>
              </conditions>
            </line>
            <line number="204" hits="10" branch="false"/>
            <line number="206" hits="18" branch="true" condition-coverage="100% (2/2)">
              <conditions>
                <condition number="0" type="jump" coverage="100%"/>
              </conditions>
            </line>
            <line number="208" hits="8" branch="false"/>
            <line number="209" hits="8" branch="false"/>
            <line number="213" hits="10" branch="false"/>
            <line number="214" hits="10" branch="false"/>
            <line number="219" hits="10" branch="false"/>
            <line number="224" hits="1" branch="false"/>
            <line number="226" hits="1" branch="false"/>
            <line number="231" hits="1" branch="false"/>
            <line number="238" hits="1" branch="false"/>
            <line number="240" hits="5" branch="true" condition-coverage="100% (2/2)">
              <conditions>
                <condition number="0" type="jump" coverage="100%"/>
              </conditions>
            </line>
            <line number="245" hits="4" branch="false"/>
            <line number="246" hits="4" branch="false"/>
            <line number="247" hits="4" branch="false"/>
            <line number="250" hits="4" branch="false"/>
            <line number="251" hits="4" branch="true" condition-coverage="50% (1/2)">
              <conditions>
                <condition number="0" type="jump" coverage="50%"/>
              </conditions>
            </line>
            <line number="254" hits="14" branch="true" condition-coverage="100% (2/2)">
              <conditions>
                <condition number="0" type="jump" coverage="100%"/>
              </conditions>
            </line>
            <line number="256" hits="10" branch="false"/>
            <line number="262" hits="4" branch="false"/>
            <line number="268" hits="4" branch="false"/>
            <line number="276" hits="4" branch="false"/>
            <line number="277" hits="4" branch="false"/>
            <line number="282" hits="4" branch="false"/>
            <line number="287" hits="1" branch="false"/>
            <line number="289" hits="1" branch="false"/>
            <line number="294" hits="1" branch="false"/>
            <line number="305" hits="1" branch="false"/>
            <line number="307" hits="9" branch="true" condition-coverage="100% (2/2)">
              <conditions>
                <condition number="0" type="jump" coverage="100%"/>
              </conditions>
            </line>
            <line number="312" hits="8" branch="false"/>
            <line number="314" hits="8" branch="true" condition-coverage="100% (4/4)">
              <conditions>
                <condition number="0" type="jump" coverage="100%"/>
              </conditions>
            </line>
            <line number="316" hits="2" branch="false"/>
            <line number="317" hits="2" branch="false"/>
            <line number="318" hits="2" branch="false"/>
            <line number="320" hits="2" branch="false"/>
            <line number="321" hits="2" branch="false"/>
            <line number="322" hits="2" branch="false"/>
            <line number="323" hits="2" branch="false"/>
            <line number="325" hits="2" branch="false"/>
            <line number="326" hits="2" branch="false"/>
            <line number="327" hits="2" branch="false"/>
            <line number="328" hits="2" branch="false"/>
            <line number="329" hits="2" branch="false"/>
            <line number="331" hits="2" branch="false"/>
            <line number="332" hits="2" branch="false"/>
            <line number="335" hits="8" branch="false"/>
            <line number="343" hits="8" branch="false"/>
            <line number="348" hits="8" branch="false"/>
            <line number="353" hits="1" branch="false"/>
            <line number="355" hits="1" branch="false"/>
            <line number="360" hits="1" branch="false"/>
            <line number="364" hits="1" branch="false"/>
            <line number="366" hits="3" branch="true" condition-coverage="100% (2/2)">
              <conditions>
                <condition number="0" type="jump" coverage="100%"/>
              </conditions>
            </line>
            <line number="371" hits="2" branch="false"/>
            <line number="372" hits="2" branch="false"/>
            <line number="373" hits="2" branch="false"/>
            <line number="378" hits="2" branch="false"/>
            <line number="383" hits="2" branch="false"/>
            <line number="388" hits="1" branch="false"/>
          </lines>
        </class>
      </classes>
    </package>
    <package name="Tests.Unity.Src" line-rate="0.11298701298701298" branch-rate="0.04030710172744722" complexity="0.0">
      <classes>
        <class name="unity_c" filename="Tests/Unity/Src/unity.c" line-rate="0.11298701298701298" branch-rate="0.04030710172744722" complexity="0.0">
          <methods>
            <method name="UnityPrintChar" signature="" line-rate="0.3076923076923077" branch-rate="0.25" complexity="0.0">
              <lines>
                <line number="88" hits="2243" branch="false"/>
                <line number="91" hits="2243" branch="true" condition-coverage="50% (2/4)">
[...]
            <line number="1692" hits="0" branch="false"/>
            <line number="1693" hits="0" branch="false"/>
            <line number="1694" hits="0" branch="false"/>
            <line number="1697" hits="0" branch="true" condition-coverage="0% (0/2)">
              <conditions>
                <condition number="0" type="jump" coverage="0%"/>
              </conditions>
            </line>
            <line number="1699" hits="0" branch="false"/>
            <line number="1701" hits="0" branch="false"/>
            <line number="1706" hits="0" branch="false"/>
            <line number="1713" hits="0" branch="true" condition-coverage="0% (0/4)">
              <conditions>
                <condition number="0" type="jump" coverage="0%"/>
              </conditions>
            </line>
            <line number="1716" hits="0" branch="true" condition-coverage="0% (0/4)">
              <conditions>
                <condition number="0" type="jump" coverage="0%"/>
              </conditions>
            </line>
            <line number="1718" hits="0" branch="true" condition-coverage="0% (0/4)">
              <conditions>
                <condition number="0" type="jump" coverage="0%"/>
              </conditions>
            </line>
            <line number="1720" hits="0" branch="true" condition-coverage="0% (0/2)">
              <conditions>
                <condition number="0" type="jump" coverage="0%"/>
              </conditions>
            </line>
            <line number="1722" hits="0" branch="false"/>
            <line number="1723" hits="0" branch="false"/>
            <line number="1729" hits="0" branch="true" condition-coverage="0% (0/4)">
              <conditions>
                <condition number="0" type="jump" coverage="0%"/>
              </conditions>
            </line>
            <line number="1731" hits="0" branch="false"/>
            <line number="1735" hits="0" branch="true" condition-coverage="0% (0/2)">
              <conditions>
                <condition number="0" type="jump" coverage="0%"/>
              </conditions>
            </line>
            <line number="1737" hits="0" branch="false"/>
            <line number="1738" hits="0" branch="false"/>
            <line number="1739" hits="0" branch="false"/>
            <line number="1740" hits="0" branch="false"/>
            <line number="1742" hits="0" branch="false"/>
            <line number="1745" hits="0" branch="false"/>
            <line number="1753" hits="0" branch="true" condition-coverage="0% (0/4)">
              <conditions>
                <condition number="0" type="jump" coverage="0%"/>
              </conditions>
            </line>
            <line number="1756" hits="0" branch="true" condition-coverage="0% (0/4)">
              <conditions>
                <condition number="0" type="jump" coverage="0%"/>
              </conditions>
            </line>
            <line number="1758" hits="0" branch="true" condition-coverage="0% (0/6)">
              <conditions>
                <condition number="0" type="jump" coverage="0%"/>
              </conditions>
            </line>
            <line number="1760" hits="0" branch="true" condition-coverage="0% (0/2)">
              <conditions>
                <condition number="0" type="jump" coverage="0%"/>
              </conditions>
            </line>
            <line number="1762" hits="0" branch="false"/>
            <line number="1763" hits="0" branch="false"/>
            <line number="1769" hits="0" branch="true" condition-coverage="0% (0/4)">
              <conditions>
                <condition number="0" type="jump" coverage="0%"/>
              </conditions>
            </line>
            <line number="1771" hits="0" branch="false"/>
            <line number="1775" hits="0" branch="true" condition-coverage="0% (0/2)">
              <conditions>
                <condition number="0" type="jump" coverage="0%"/>
              </conditions>
            </line>
            <line number="1777" hits="0" branch="false"/>
            <line number="1778" hits="0" branch="false"/>
            <line number="1779" hits="0" branch="false"/>
            <line number="1780" hits="0" branch="false"/>
            <line number="1782" hits="0" branch="false"/>
            <line number="1785" hits="0" branch="false"/>
            <line number="1792" hits="0" branch="false"/>
            <line number="1793" hits="0" branch="false"/>
            <line number="1794" hits="0" branch="false"/>
            <line number="1795" hits="0" branch="false"/>
            <line number="1797" hits="0" branch="true" condition-coverage="0% (0/4)">
              <conditions>
                <condition number="0" type="jump" coverage="0%"/>
              </conditions>
            </line>
            <line number="1800" hits="0" branch="true" condition-coverage="0% (0/2)">
              <conditions>
                <condition number="0" type="jump" coverage="0%"/>
              </conditions>
            </line>
            <line number="1805" hits="0" branch="false"/>
            <line number="1809" hits="0" branch="true" condition-coverage="0% (0/2)">
              <conditions>
                <condition number="0" type="jump" coverage="0%"/>
              </conditions>
            </line>
            <line number="1811" hits="0" branch="false"/>
            <line number="1814" hits="0" branch="true" condition-coverage="0% (0/2)">
              <conditions>
                <condition number="0" type="jump" coverage="0%"/>
              </conditions>
            </line>
            <line number="1816" hits="0" branch="false"/>
            <line number="1819" hits="0" branch="true" condition-coverage="0% (0/2)">
              <conditions>
                <condition number="0" type="jump" coverage="0%"/>
              </conditions>
            </line>
            <line number="1821" hits="0" branch="false"/>
            <line number="1826" hits="0" branch="false"/>
            <line number="1827" hits="0" branch="true" condition-coverage="0% (0/2)">
              <conditions>
                <condition number="0" type="jump" coverage="0%"/>
              </conditions>
            </line>
            <line number="1829" hits="0" branch="false"/>
            <line number="1833" hits="0" branch="true" condition-coverage="0% (0/4)">
              <conditions>
                <condition number="0" type="jump" coverage="0%"/>
              </conditions>
            </line>
            <line number="1835" hits="0" branch="true" condition-coverage="0% (0/4)">
              <conditions>
                <condition number="0" type="jump" coverage="0%"/>
              </conditions>
            </line>
            <line number="1837" hits="0" branch="true" condition-coverage="0% (0/2)">
              <conditions>
                <condition number="0" type="jump" coverage="0%"/>
              </conditions>
            </line>
            <line number="1839" hits="0" branch="false"/>
            <line number="1840" hits="0" branch="false"/>
            <line number="1846" hits="0" branch="true" condition-coverage="0% (0/2)">
              <conditions>
                <condition number="0" type="jump" coverage="0%"/>
              </conditions>
            </line>
            <line number="1848" hits="0" branch="false"/>
            <line number="1852" hits="0" branch="true" condition-coverage="0% (0/2)">
              <conditions>
                <condition number="0" type="jump" coverage="0%"/>
              </conditions>
            </line>
            <line number="1854" hits="0" branch="false"/>
            <line number="1855" hits="0" branch="true" condition-coverage="0% (0/2)">
              <conditions>
                <condition number="0" type="jump" coverage="0%"/>
              </conditions>
            </line>
            <line number="1857" hits="0" branch="false"/>
            <line number="1858" hits="0" branch="false"/>
            <line number="1860" hits="0" branch="false"/>
            <line number="1861" hits="0" branch="false"/>
            <line number="1862" hits="0" branch="false"/>
            <line number="1864" hits="0" branch="true" condition-coverage="0% (0/2)">
              <conditions>
                <condition number="0" type="jump" coverage="0%"/>
              </conditions>
            </line>
            <line number="1868" hits="0" branch="false"/>
            <line number="1876" hits="0" branch="false"/>
            <line number="1877" hits="0" branch="false"/>
            <line number="1878" hits="0" branch="false"/>
            <line number="1881" hits="0" branch="true" condition-coverage="0% (0/4)">
              <conditions>
                <condition number="0" type="jump" coverage="0%"/>
              </conditions>
            </line>
            <line number="1883" hits="0" branch="true" condition-coverage="0% (0/2)">
              <conditions>
                <condition number="0" type="jump" coverage="0%"/>
              </conditions>
            </line>
            <line number="1888" hits="0" branch="false"/>
            <line number="1891" hits="0" branch="true" condition-coverage="0% (0/2)">
              <conditions>
                <condition number="0" type="jump" coverage="0%"/>
              </conditions>
            </line>
            <line number="1893" hits="0" branch="false"/>
            <line number="1896" hits="0" branch="true" condition-coverage="0% (0/2)">
              <conditions>
                <condition number="0" type="jump" coverage="0%"/>
              </conditions>
            </line>
            <line number="1898" hits="0" branch="false"/>
            <line number="1901" hits="0" branch="true" condition-coverage="0% (0/2)">
              <conditions>
                <condition number="0" type="jump" coverage="0%"/>
              </conditions>
            </line>
            <line number="1903" hits="0" branch="false"/>
            <line number="1906" hits="0" branch="true" condition-coverage="0% (0/2)">
              <conditions>
                <condition number="0" type="jump" coverage="0%"/>
              </conditions>
            </line>
            <line number="1908" hits="0" branch="false"/>
            <line number="1909" hits="0" branch="true" condition-coverage="0% (0/2)">
              <conditions>
                <condition number="0" type="jump" coverage="0%"/>
              </conditions>
            </line>
            <line number="1911" hits="0" branch="true" condition-coverage="0% (0/2)">
              <conditions>
                <condition number="0" type="jump" coverage="0%"/>
              </conditions>
            </line>
            <line number="1913" hits="0" branch="false"/>
            <line number="1914" hits="0" branch="false"/>
            <line number="1915" hits="0" branch="true" condition-coverage="0% (0/2)">
              <conditions>
                <condition number="0" type="jump" coverage="0%"/>
              </conditions>
            </line>
            <line number="1917" hits="0" branch="false"/>
            <line number="1918" hits="0" branch="false"/>
            <line number="1920" hits="0" branch="false"/>
            <line number="1921" hits="0" branch="false"/>
            <line number="1922" hits="0" branch="false"/>
            <line number="1923" hits="0" branch="false"/>
            <line number="1924" hits="0" branch="false"/>
            <line number="1925" hits="0" branch="false"/>
            <line number="1926" hits="0" branch="false"/>
            <line number="1927" hits="0" branch="false"/>
            <line number="1929" hits="0" branch="false"/>
            <line number="1930" hits="0" branch="false"/>
            <line number="1932" hits="0" branch="true" condition-coverage="0% (0/2)">
              <conditions>
                <condition number="0" type="jump" coverage="0%"/>
              </conditions>
            </line>
            <line number="1934" hits="0" branch="false"/>
            <line number="1957" hits="0" branch="false"/>
            <line number="1959" hits="0" branch="true" condition-coverage="0% (0/4)">
              <conditions>
                <condition number="0" type="jump" coverage="0%"/>
              </conditions>
            </line>
            <line number="1961" hits="0" branch="false"/>
            <line number="1962" hits="0" branch="false"/>
            <line number="1963" hits="0" branch="false"/>
            <line number="1965" hits="0" branch="false"/>
            <line number="1966" hits="0" branch="false"/>
            <line number="1967" hits="0" branch="false"/>
            <line number="1970" hits="0" branch="false"/>
            <line number="1971" hits="0" branch="false"/>
            <line number="1972" hits="0" branch="false"/>
            <line number="1975" hits="0" branch="false"/>
            <line number="1976" hits="0" branch="false"/>
            <line number="1977" hits="0" branch="false"/>
            <line number="1983" hits="0" branch="false"/>
            <line number="1985" hits="0" branch="false"/>
            <line number="1986" hits="0" branch="false"/>
            <line number="2239" hits="0" branch="false"/>
            <line number="2241" hits="0" branch="true" condition-coverage="0% (0/4)">
              <conditions>
                <condition number="0" type="jump" coverage="0%"/>
              </conditions>
            </line>
            <line number="2243" hits="0" branch="false"/>
            <line number="2244" hits="0" branch="false"/>
            <line number="2245" hits="0" branch="false"/>
            <line number="2247" hits="0" branch="false"/>
            <line number="2251" hits="0" branch="false"/>
            <line number="2253" hits="0" branch="true" condition-coverage="0% (0/4)">
              <conditions>
                <condition number="0" type="jump" coverage="0%"/>
              </conditions>
            </line>
            <line number="2255" hits="0" branch="false"/>
            <line number="2256" hits="0" branch="false"/>
            <line number="2257" hits="0" branch="true" condition-coverage="0% (0/2)">
              <conditions>
                <condition number="0" type="jump" coverage="0%"/>
              </conditions>
            </line>
            <line number="2259" hits="0" branch="false"/>
            <line number="2260" hits="0" branch="false"/>
            <line number="2261" hits="0" branch="false"/>
            <line number="2263" hits="0" branch="false"/>
            <line number="2267" hits="0" branch="false"/>
            <line number="2269" hits="0" branch="false"/>
            <line number="2270" hits="0" branch="false"/>
            <line number="2271" hits="0" branch="true" condition-coverage="0% (0/2)">
              <conditions>
                <condition number="0" type="jump" coverage="0%"/>
              </conditions>
            </line>
            <line number="2273" hits="0" branch="false"/>
            <line number="2274" hits="0" branch="false"/>
            <line number="2275" hits="0" branch="false"/>
            <line number="2277" hits="0" branch="false"/>
            <line number="2278" hits="0" branch="false"/>
            <line number="2283" hits="16" branch="false"/>
            <line number="2285" hits="16" branch="false"/>
            <line number="2286" hits="16" branch="false"/>
            <line number="2287" hits="16" branch="false"/>
            <line number="2292" hits="16" branch="false"/>
            <line number="2296" hits="16" branch="true" condition-coverage="50% (1/2)">
              <conditions>
                <condition number="0" type="jump" coverage="50%"/>
              </conditions>
            </line>
            <line number="2298" hits="16" branch="false"/>
            <line number="2299" hits="16" branch="false"/>
            <line number="2301" hits="16" branch="true" condition-coverage="50% (1/2)">
              <conditions>
                <condition number="0" type="jump" coverage="50%"/>
              </conditions>
            </line>
            <line number="2303" hits="16" branch="false"/>
            <line number="2306" hits="16" branch="false"/>
            <line number="2307" hits="16" branch="false"/>
            <line number="2311" hits="0" branch="false"/>
            <line number="2313" hits="0" branch="false"/>
            <line number="2314" hits="0" branch="false"/>
            <line number="2317" hits="17" branch="false"/>
            <line number="2319" hits="17" branch="false"/>
            <line number="2320" hits="17" branch="false"/>
            <line number="2321" hits="17" branch="false"/>
            <line number="2322" hits="17" branch="false"/>
            <line number="2323" hits="17" branch="false"/>
            <line number="2324" hits="17" branch="false"/>
            <line number="2325" hits="17" branch="false"/>
            <line number="2326" hits="17" branch="false"/>
            <line number="2328" hits="17" branch="false"/>
            <line number="2330" hits="17" branch="false"/>
            <line number="2333" hits="17" branch="false"/>
            <line number="2335" hits="17" branch="false"/>
            <line number="2336" hits="17" branch="false"/>
            <line number="2337" hits="17" branch="false"/>
            <line number="2338" hits="17" branch="false"/>
            <line number="2339" hits="17" branch="false"/>
            <line number="2340" hits="17" branch="false"/>
            <line number="2341" hits="17" branch="false"/>
            <line number="2342" hits="17" branch="false"/>
            <line number="2343" hits="17" branch="false"/>
            <line number="2344" hits="17" branch="false"/>
            <line number="2345" hits="17" branch="true" condition-coverage="50% (1/2)">
              <conditions>
                <condition number="0" type="jump" coverage="50%"/>
              </conditions>
            </line>
            <line number="2347" hits="17" branch="false"/>
            <line number="2351" hits="0" branch="false"/>
            <line number="2356" hits="17" branch="false"/>
            <line number="2359" hits="17" branch="false"/>
          </lines>
        </class>
      </classes>
    </package>
    <package name="build.CMakeFiles.4.3.3.CompilerIdC" line-rate="0.0" branch-rate="1.0" complexity="0.0">
      <classes>
        <class name="CMakeCCompilerId_c" filename="build/CMakeFiles/4.3.3/CompilerIdC/CMakeCCompilerId.c" line-rate="0.0" branch-rate="1.0" complexity="0.0">
          <methods>
            <method name="main" signature="" line-rate="0.0" branch-rate="1.0" complexity="0.0">
              <lines>
                <line number="907" hits="0" branch="false"/>
                <line number="910" hits="0" branch="false"/>
                <line number="911" hits="0" branch="false"/>
                <line number="912" hits="0" branch="false"/>
                <line number="913" hits="0" branch="false"/>
                <line number="915" hits="0" branch="false"/>
                <line number="929" hits="0" branch="false"/>
                <line number="930" hits="0" branch="false"/>
                <line number="932" hits="0" branch="false"/>
              </lines>
            </method>
          </methods>
          <lines>
            <line number="907" hits="0" branch="false"/>
            <line number="910" hits="0" branch="false"/>
            <line number="911" hits="0" branch="false"/>
            <line number="912" hits="0" branch="false"/>
            <line number="913" hits="0" branch="false"/>
            <line number="915" hits="0" branch="false"/>
            <line number="929" hits="0" branch="false"/>
            <line number="930" hits="0" branch="false"/>
            <line number="932" hits="0" branch="false"/>
          </lines>
        </class>
      </classes>
    </package>
  </packages>
</coverage>
